04:34:09.256 [main] INFO  - clicking on the signup options
04:36:20.897 [main] INFO  - clicking on the signup options
04:36:21.043 [main] INFO  - Enter Name,Email,Company name, designation, password and confirm password
04:36:21.747 [main] INFO  - The user click on the create account
04:36:21.816 [main] INFO  - The verification code page should open
04:37:47.981 [main] INFO  - clicking on the signup options
04:37:48.126 [main] INFO  - Enter Name,Email,Company name, designation, password and confirm password
04:37:48.666 [main] INFO  - The user click on the create account
04:37:48.726 [main] INFO  - The verification code page should open
04:46:04.522 [main] INFO  - clicking on the signup options
04:46:04.656 [main] INFO  - Enter Name,Email,Company name, designation, password and confirm password
04:46:05.157 [main] INFO  - The user click on the create account
04:46:05.241 [main] INFO  - The verification code page should open
13:37:59.896 [main] INFO  - clicking on the signup options
13:38:00.051 [main] INFO  - Enter Name,Email,Company name, designation, password and confirm password
13:38:00.867 [main] INFO  - The user click on the create account
13:38:00.934 [main] INFO  - The verification code page should open
13:50:56.120 [main] INFO  - clicking on the signup options
13:50:56.270 [main] INFO  - Enter Name,Email,Company name, designation, password and confirm password
13:50:56.871 [main] INFO  - The user click on the create account
13:50:56.946 [main] INFO  - The verification code page should open
13:53:33.477 [main] INFO  - clicking on the signup options
13:53:33.610 [main] INFO  - Enter Name,Email,Company name, designation, password and confirm password
13:53:34.202 [main] INFO  - The user click on the create account
13:53:34.262 [main] INFO  - The verification code page should open
15:13:47.103 [main] INFO  - clicking on the signup options
15:13:47.247 [main] INFO  - Enter Name,Email,Company name, designation, password and confirm password
15:13:47.856 [main] INFO  - The user click on the create account
15:13:47.913 [main] INFO  - The verification code page should open
15:22:24.178 [main] INFO  - clicking on the signup options
15:22:24.327 [main] INFO  - Enter Name,Email,Company name, designation, password and confirm password
15:22:24.920 [main] INFO  - The user click on the create account
15:22:25.001 [main] INFO  - The verification code page should open
12:35:14.574 [main] INFO  - clicking on the signup options
12:37:15.787 [main] INFO  - clicking on the signup options
12:37:15.944 [main] INFO  - Enter Name,Email,Company name, designation, password and confirm password
12:37:16.538 [main] INFO  - The user click on the create account
12:37:16.601 [main] INFO  - The verification code page should open
13:00:11.012 [main] INFO  - clicking on the signup options
13:01:56.385 [main] INFO  - clicking on the signup options
13:01:57.363 [main] INFO  - Enter Name,Email,Company name, designation, password and confirm password
13:01:58.288 [main] INFO  - The user click on the create account
13:01:58.375 [main] INFO  - The verification code page should open
13:06:53.608 [main] INFO  - clicking on the signup options
13:09:34.552 [main] INFO  - clicking on the signup options
13:09:34.692 [main] INFO  - Enter Name,Email,Company name, designation, password and confirm password
13:09:35.277 [main] INFO  - The user click on the create account
13:09:35.356 [main] INFO  - The verification code page should open
13:32:51.097 [main] INFO  - clicking on the signup options
13:32:51.248 [main] INFO  - Enter Name,Email,Company name, designation, password and confirm password
13:32:51.772 [main] INFO  - The user click on the create account
13:32:51.831 [main] INFO  - The verification code page should open
01:20:53.020 [main] INFO  - User is on the webpage
01:20:53.026 [main] INFO  - clicking on the login options
01:20:53.149 [main] INFO  - User is on the log
01:20:53.162 [main] INFO  - Click on the forgetpassword
01:20:53.258 [main] INFO  - Email field open
01:23:08.004 [main] INFO  - User is on the webpage
01:23:08.011 [main] INFO  - clicking on the login options
01:23:08.171 [main] INFO  - User is on the log
01:23:08.181 [main] INFO  - Click on the forgetpassword
01:23:08.283 [main] INFO  - Email field open
01:23:08.407 [main] INFO  - User is clicking on the send link
07:03:18.495 [main] INFO  - User is on the webpage
07:03:18.502 [main] INFO  - clicking on the login options
07:03:18.617 [main] INFO  - User is on the log
07:03:18.622 [main] INFO  - Click on the forgetpassword
07:03:18.755 [main] INFO  - Email field open
07:03:18.914 [main] INFO  - User is clicking on the send link
07:09:47.556 [main] INFO  - User is on the webpage
07:09:47.559 [main] INFO  - clicking on the login options
07:09:47.666 [main] INFO  - User is on the log
07:09:47.667 [main] INFO  - Click on the forgetpassword
07:09:47.782 [main] INFO  - Email field open
07:09:47.906 [main] INFO  - User is clicking on the send link
07:12:13.259 [main] INFO  - User is on the webpage
07:12:13.265 [main] INFO  - clicking on the login options
07:12:13.375 [main] INFO  - User is on the log
07:12:13.384 [main] INFO  - Click on the forgetpassword
07:12:13.489 [main] INFO  - Email field open
07:12:13.626 [main] INFO  - User is clicking on the send link
07:12:13.694 [main] INFO  - Forgetpassword send successfully
07:17:53.304 [main] INFO  - User is on the webpage
07:17:53.309 [main] INFO  - clicking on the login options
07:17:53.429 [main] INFO  - User is on the log
07:17:53.440 [main] INFO  - Click on the forgetpassword
07:17:53.538 [main] INFO  - Email field open
07:17:53.649 [main] INFO  - User is clicking on the send link
07:18:13.745 [main] INFO  - Forgetpassword send successfully
07:45:12.867 [main] INFO  - User is on the webpage
07:45:12.871 [main] INFO  - clicking on the login options
07:45:58.733 [main] INFO  - User is on the webpage
07:45:58.736 [main] INFO  - clicking on the login options
08:01:13.698 [main] INFO  - User is on the webpage
08:01:13.702 [main] INFO  - clicking on the login options
00:10:52.847 [main] INFO  - User is on the marketguruwepage
00:10:52.850 [main] INFO  - clicking on the signup options
00:12:17.096 [main] INFO  - User is on the marketguruwepage
00:12:17.099 [main] INFO  - clicking on the signup options
00:21:18.566 [main] INFO  - User is on the marketguruwepage
00:21:18.572 [main] INFO  - clicking on the signup options
00:26:40.368 [main] INFO  - User is on the marketguruwepage
00:26:40.374 [main] INFO  - clicking on the signup options
00:26:40.485 [main] INFO  - User is on the emailpage
00:26:40.791 [main] INFO  - The login message should shown
00:47:07.641 [main] INFO  - User is on the marketguruwepage
00:47:07.648 [main] INFO  - clicking on the signup options
00:47:07.794 [main] INFO  - User is on the emailpage
00:47:07.805 [main] INFO  - Enter Email,password
00:47:08.250 [main] INFO  - The login message should shown
01:46:45.227 [main] INFO  - User is on the marketguruwepage
01:46:45.237 [main] INFO  - clicking on the signup options
01:46:45.362 [main] INFO  - User is on the emailpage
01:46:45.369 [main] INFO  - Enter Email,password
01:46:45.682 [main] INFO  - The login message should shown
01:57:36.010 [main] INFO  - User is on the marketguruwepage
01:57:36.013 [main] INFO  - clicking on the signup options
01:57:36.125 [main] INFO  - User is on the emailpage
01:57:36.127 [main] INFO  - Enter Email,password
02:02:23.144 [main] INFO  - User is on the marketguruwepage
02:02:23.151 [main] INFO  - clicking on the signup options
02:02:23.258 [main] INFO  - User is on the emailpage
02:02:23.268 [main] INFO  - Enter Email,password
02:03:14.244 [main] INFO  - User is on the marketguruwepage
02:03:14.251 [main] INFO  - clicking on the signup options
02:03:14.362 [main] INFO  - User is on the emailpage
02:03:14.371 [main] INFO  - Enter Email,password
02:05:36.562 [main] INFO  - User is on the marketguruwepage
02:05:36.568 [main] INFO  - clicking on the signup options
02:05:36.684 [main] INFO  - User is on the emailpage
02:05:36.692 [main] INFO  - Enter Email,password
16:33:53.850 [main] INFO  - User is on the marketguruwepage
16:33:54.238 [main] INFO  - User is on the Dashboardpage
16:34:37.559 [main] INFO  - User is on the marketguruwepage
16:34:37.893 [main] INFO  - User is on the Dashboardpage
16:49:29.768 [main] INFO  - User is on the marketguruwepage
16:49:30.191 [main] INFO  - User is on the Dashboardpage
16:56:09.886 [main] INFO  - User is on the marketguruwepage
19:44:27.647 [main] INFO  - User is on the marketguruwepage
10:10:24.727 [main] INFO  - User is on the marketguruwepage
10:15:37.887 [main] INFO  - User is on the marketguruwepage
10:20:06.368 [main] INFO  - User is on the marketguruwepage
10:22:08.070 [main] INFO  - User is on the marketguruwepage
10:22:08.197 [main] INFO  - Enter Email, password
10:26:35.234 [main] INFO  - User is on the marketguruwepage
10:26:35.341 [main] INFO  - Enter Email, password
10:27:04.860 [main] INFO  - User is on the marketguruwepage
10:27:04.979 [main] INFO  - Enter Email, password
11:27:47.116 [main] INFO  - User is on the marketguruwepage
11:27:47.236 [main] INFO  - Enter Email, password
11:27:47.706 [main] INFO  - User is on the Dashboardpage
11:27:47.711 [main] INFO  - User is on the marketguruwepage
11:33:11.001 [main] INFO  - User is on the marketguruwepage
11:34:35.153 [main] INFO  - User is on the marketguruwepage
11:34:35.269 [main] INFO  - Enter Email, password
11:34:35.717 [main] INFO  - User is on the Dashboardpage
11:34:35.718 [main] INFO  - User is on the marketguruwepage
11:36:23.177 [main] INFO  - User is on the marketguruwepage
11:36:23.287 [main] INFO  - Enter Email, password
11:36:23.770 [main] INFO  - User is on the Dashboardpage
11:36:23.770 [main] INFO  - User is on the marketguruwepage
16:05:28.715 [main] INFO  - User is on the marketguruwepage
16:05:28.718 [main] INFO  - clicking on the signup options
16:05:28.827 [main] INFO  - User is on the emailpage
16:05:28.832 [main] INFO  - Enter Email,password
16:12:22.913 [main] INFO  - User is on the marketguruwepage
16:12:22.917 [main] INFO  - clicking on the signup options
16:12:23.018 [main] INFO  - User is on the emailpage
16:12:23.021 [main] INFO  - Enter Email,password
14:20:41.911 [main] INFO  - Click on the login option and then enters the details on it
14:21:54.556 [main] INFO  - User is on the marketguruwepage
14:21:54.562 [main] INFO  - clicking on the signup options
14:21:54.689 [main] INFO  - User is on the emailpage
14:21:54.709 [main] INFO  - Enter Email,password
14:31:03.132 [main] INFO  - Click on the login option and then enters the details on it
14:31:03.305 [main] INFO  - Click on the signin button
14:31:03.373 [main] INFO  - The title should be matched
14:33:25.842 [main] INFO  - Click on the login option and then enters the details on it
14:33:26.022 [main] INFO  - Click on the signin button
14:33:26.086 [main] INFO  - The title should be matched
14:34:10.854 [main] INFO  - Click on the login option and then enters the details on it
14:34:11.022 [main] INFO  - Click on the signin button
14:34:11.083 [main] INFO  - The title should be matched
14:39:37.577 [main] INFO  - Click on the login option and then enters the details on it
14:39:37.750 [main] INFO  - Click on the signin button
14:39:37.810 [main] INFO  - The title should be matched
14:41:41.154 [main] INFO  - Click on the login option and then enters the details on it
14:41:41.349 [main] INFO  - Click on the signin button
14:41:41.411 [main] INFO  - The title should be matched
14:41:44.501 [main] INFO  - Report page should open
14:41:45.042 [main] INFO  - Report page should open
15:11:56.180 [main] INFO  - Click on the login option and then enters the details on it
15:11:56.352 [main] INFO  - Click on the signin button
15:11:56.412 [main] INFO  - The title should be matched
15:11:59.481 [main] INFO  - Report page should open
15:12:00.153 [main] INFO  - Report page should open
15:29:53.371 [main] INFO  - Click on the login option and then enters the details on it
15:29:53.552 [main] INFO  - Click on the signin button
15:29:53.620 [main] INFO  - The title should be matched
15:29:56.713 [main] INFO  - Report page should open
15:29:57.334 [main] INFO  - Report page should open
15:32:06.787 [main] INFO  - Click on the login option and then enters the details on it
15:32:06.981 [main] INFO  - Click on the signin button
15:32:07.054 [main] INFO  - The title should be matched
15:32:10.005 [main] INFO  - Report page should open
15:32:10.611 [main] INFO  - Report page should open
15:33:29.073 [main] INFO  - Click on the login option and then enters the details on it
15:33:29.245 [main] INFO  - Click on the signin button
15:33:29.307 [main] INFO  - The title should be matched
15:33:32.336 [main] INFO  - Report page should open
15:33:32.968 [main] INFO  - Report page should open
15:35:37.989 [main] INFO  - Click on the login option and then enters the details on it
15:35:38.160 [main] INFO  - Click on the signin button
15:35:38.222 [main] INFO  - The title should be matched
15:35:40.950 [main] INFO  - Report page should open
15:35:41.555 [main] INFO  - Report page should open
15:37:32.268 [main] INFO  - Click on the login option and then enters the details on it
15:37:32.442 [main] INFO  - Click on the signin button
15:37:32.522 [main] INFO  - The title should be matched
15:37:35.452 [main] INFO  - Report page should open
15:37:36.063 [main] INFO  - Report page should open
